########## Testcase 0: Passed ##########
Expected Output: 
false

Your Output: 
false
----------------------------------------

########## Testcase 1: Passed ##########
Expected Output: 
false

Your Output: 
false
----------------------------------------

########## Testcase 2: Passed ##########
Expected Output: 
true

Your Output: 
true
----------------------------------------

########## Testcase 3: Failed ##########
Expected Output: 
false

Your Output: 
Exception in thread "main" java.util.NoSuchElementException: No line found
	at java.base/java.util.Scanner.nextLine(Unknown Source)
	at GraphMatrix.<init>(GraphMatrix.java:32)
	at Solution.main(Solution.java:8)
----------------------------------------

########## Testcase 4: Failed ##########
Expected Output: 
true

Your Output: 
false
----------------------------------------

########## Testcase 5: Passed ##########
Expected Output: 
false

Your Output: 
false
----------------------------------------

########## Testcase 6: Failed ##########
Expected Output: 
true

Your Output: 
Exception in thread "main" java.lang.ArrayIndexOutOfBoundsException: 3
	at GraphMatrix.hasEdge(GraphMatrix.java:75)
	at GraphMatrix.addEdge(GraphMatrix.java:43)
	at GraphMatrix.<init>(GraphMatrix.java:33)
	at Solution.main(Solution.java:8)
----------------------------------------

########## Testcase 7: Failed ##########
Expected Output: 
true

Your Output: 
Exception in thread "main" java.lang.ArrayIndexOutOfBoundsException: 4
	at GraphMatrix.hasEdge(GraphMatrix.java:75)
	at GraphMatrix.addEdge(GraphMatrix.java:43)
	at GraphMatrix.<init>(GraphMatrix.java:33)
	at Solution.main(Solution.java:8)
----------------------------------------

########## Testcase 8: Failed ##########
Expected Output: 
true

Your Output: 
false
----------------------------------------

########## Testcase 9: Failed ##########
Expected Output: 
true

Your Output: 
Exception in thread "main" java.lang.ArrayIndexOutOfBoundsException: 6
	at GraphMatrix.hasEdge(GraphMatrix.java:75)
	at GraphMatrix.addEdge(GraphMatrix.java:43)
	at GraphMatrix.<init>(GraphMatrix.java:33)
	at Solution.main(Solution.java:8)
----------------------------------------

########## Testcase 10: Failed ##########
Expected Output: 
true

Your Output: 
false
----------------------------------------

########## Testcase 11: Failed ##########
Expected Output: 
true

Your Output: 
false
----------------------------------------

########## Testcase 12: Failed ##########
Expected Output: 
true

Your Output: 
false
----------------------------------------

########## Testcase 13: Passed ##########
Expected Output: 
false

Your Output: 
false
----------------------------------------

########## Testcase 14: Failed ##########
Expected Output: 
true

Your Output: 
Exception in thread "main" java.lang.ArrayIndexOutOfBoundsException: 10
	at GraphMatrix.hasEdge(GraphMatrix.java:75)
	at GraphMatrix.addEdge(GraphMatrix.java:43)
	at GraphMatrix.<init>(GraphMatrix.java:33)
	at Solution.main(Solution.java:8)
----------------------------------------

########## Testcase 15: Passed ##########
Expected Output: 
false

Your Output: 
false
----------------------------------------

########## Testcase 16: Failed ##########
Expected Output: 
true

Your Output: 
false
----------------------------------------

########## Testcase 17: Failed ##########
Expected Output: 
true

Your Output: 
false
----------------------------------------

########## Testcase 18: Failed ##########
Expected Output: 
true

Your Output: 
false
----------------------------------------

########## Testcase 19: Failed ##########
Expected Output: 
true

Your Output: 
false
----------------------------------------

########## Testcase 20: Failed ##########
Expected Output: 
true

Your Output: 
false
----------------------------------------

########## Testcase 21: Failed ##########
Expected Output: 
true

Your Output: 
false
----------------------------------------

########## Testcase 22: Failed ##########
Expected Output: 
true

Your Output: 
false
----------------------------------------

########## Testcase 23: Failed ##########
Expected Output: 
true

Your Output: 
false
----------------------------------------

